0 info it worked if it ends with ok
1 verbose cli [ 'C:\\Program Files (x86)\\nodejs\\node.exe',
1 verbose cli   'C:\\Program Files (x86)\\nodejs\\node_modules\\npm\\bin\\npm-cli.js',
1 verbose cli   'start' ]
2 info using npm@3.10.10
3 info using node@v6.11.0
4 verbose run-script [ 'prestart', 'start', 'poststart' ]
5 info lifecycle express-app@0.0.0~prestart: express-app@0.0.0
6 silly lifecycle express-app@0.0.0~prestart: no script for prestart, continuing
7 info lifecycle express-app@0.0.0~start: express-app@0.0.0
8 verbose lifecycle express-app@0.0.0~start: unsafe-perm in lifecycle true
9 verbose lifecycle express-app@0.0.0~start: PATH: C:\Program Files (x86)\nodejs\node_modules\npm\bin\node-gyp-bin;C:\Users\kp\Documents\node\NodeJS\express-app\node_modules\.bin;C:\Program Files\Microsoft MPI\Bin\;C:\oraclexe\app\oracle\product\11.2.0\server\bin;C:\ProgramData\Oracle\Java\javapath;C:\Program Files (x86)\Intel\iCLS Client\;C:\Program Files\Intel\iCLS Client\;C:\Windows\system32;C:\Windows;C:\Windows\System32\Wbem;C:\Windows\System32\WindowsPowerShell\v1.0\;C:\Program Files\Intel\Intel(R) Management Engine Components\DAL;C:\Program Files (x86)\Intel\Intel(R) Management Engine Components\DAL;C:\Program Files\Intel\Intel(R) Management Engine Components\IPT;C:\Program Files (x86)\Intel\Intel(R) Management Engine Components\IPT;C:\Program Files (x86)\Java\jdk1.8.0_45\bin;C:\Program Files\Java\jdk1.8.0_45\bin;C:\bin\jr.bat;C:\proguard\bin;C:\xampp\php;C:\Program Files\Microsoft SQL Server\120\Tools\Binn\;C:\Program Files (x86)\Windows Kits\10\Windows Performance Toolkit\;C:\commons-logging-1.2;C:\Program Files (x86)\Windows Live\Shared;C:\mav\apache-maven-3.3.9\bin;C:\Program Files\Java\jdk1.8.0_111\bin;C:\ProgramData\ComposerSetup\bin;C:\Program Files\PostgreSQL\pg96\bin;C:\PostgreSQL\pg96\bin;C:\Program Files\Java\jdk1.8.0_121\bin;C:\Program Files\TortoiseSVN\bin;C:\Program Files\Microsoft SQL Server\130\Tools\Binn\;C:\Program Files\dotnet\;C:\Program Files\Git\cmd;C:\Program Files\VisualSVN Server\bin;C:\Program Files\MySQL\MySQL Utilities 1.6\;C:\Program Files (x86)\nodejs;C:\Users\kp\AppData\Roaming\Composer\vendor\bin;C:\Users\kp\AppData\Local\atom\bin;C:\Users\kp\AppData\Roaming\npm;C:\Program Files\Microsoft VS Code\bin
10 verbose lifecycle express-app@0.0.0~start: CWD: C:\Users\kp\Documents\node\NodeJS\express-app
11 silly lifecycle express-app@0.0.0~start: Args: [ '/d /s /c', 'node ./bin/www' ]
12 silly lifecycle express-app@0.0.0~start: Returned: code: 1  signal: null
13 info lifecycle express-app@0.0.0~start: Failed to exec start script
14 verbose stack Error: express-app@0.0.0 start: `node ./bin/www`
14 verbose stack Exit status 1
14 verbose stack     at EventEmitter.<anonymous> (C:\Program Files (x86)\nodejs\node_modules\npm\lib\utils\lifecycle.js:255:16)
14 verbose stack     at emitTwo (events.js:106:13)
14 verbose stack     at EventEmitter.emit (events.js:191:7)
14 verbose stack     at ChildProcess.<anonymous> (C:\Program Files (x86)\nodejs\node_modules\npm\lib\utils\spawn.js:40:14)
14 verbose stack     at emitTwo (events.js:106:13)
14 verbose stack     at ChildProcess.emit (events.js:191:7)
14 verbose stack     at maybeClose (internal/child_process.js:891:16)
14 verbose stack     at Process.ChildProcess._handle.onexit (internal/child_process.js:226:5)
15 verbose pkgid express-app@0.0.0
16 verbose cwd C:\Users\kp\Documents\node\NodeJS\express-app
17 error Windows_NT 6.3.9600
18 error argv "C:\\Program Files (x86)\\nodejs\\node.exe" "C:\\Program Files (x86)\\nodejs\\node_modules\\npm\\bin\\npm-cli.js" "start"
19 error node v6.11.0
20 error npm  v3.10.10
21 error code ELIFECYCLE
22 error express-app@0.0.0 start: `node ./bin/www`
22 error Exit status 1
23 error Failed at the express-app@0.0.0 start script 'node ./bin/www'.
23 error Make sure you have the latest version of node.js and npm installed.
23 error If you do, this is most likely a problem with the express-app package,
23 error not with npm itself.
23 error Tell the author that this fails on your system:
23 error     node ./bin/www
23 error You can get information on how to open an issue for this project with:
23 error     npm bugs express-app
23 error Or if that isn't available, you can get their info via:
23 error     npm owner ls express-app
23 error There is likely additional logging output above.
24 verbose exit [ 1, true ]
